<?xml version="1.0" encoding="UTF-8"?>
<!-- Generated by org.testng.reporters.JUnitXMLReporter -->
<testsuite ignored="2" hostname="LAPTOP-A45GL5JI" failures="0" tests="1" name="Default test" time="24.739" errors="0" timestamp="2024-04-24T12:09:11 IST">
  <testcase classname="test.AddUserPageTest" name="verifyUserLoginWithNewUser" time="17.52"/>
  <testcase classname="test.AddUserPageTest" name="verifyAddUser" time="0.0">
    <ignored/>
  </testcase> <!-- verifyAddUser -->
  <testcase classname="test.AddUserPageTest" name="verifyAddUserTittle" time="0.0">
    <ignored/>
  </testcase> <!-- verifyAddUserTittle -->
</testsuite> <!-- Default test -->
