<?xml version="1.0" encoding="UTF-8"?>
<!-- Generated by org.testng.reporters.JUnitXMLReporter -->
<testsuite ignored="0" hostname="LAPTOP-A45GL5JI" failures="0" tests="9" name="All Test" time="74.584" errors="0" timestamp="2024-05-02T22:15:17 IST">
  <testcase classname="test.HomePageTest" name="verifyHomePageTittle" time="3.793"/>
  <testcase classname="test.HomePageTest" name="verifyUserLoginDate" time="2.515"/>
  <testcase classname="test.LoginPageTest" name="verifyLoginPageTittle" time="0.07"/>
  <testcase classname="test.LoginPageTest" name="verifyUserLoginWithValidCredentials" time="2.95"/>
  <testcase classname="test.LoginPageTest" name="verifyErrorMessageWhileLoggingWithInvalidCredentials" time="1.028"/>
  <testcase classname="test.LoginPageTest" name="verifyErrorMessageWhileLoggingWithInvalidCredentials" time="1.17"/>
  <testcase classname="test.LoginPageTest" name="verifyErrorMessageWhileLoggingWithInvalidCredentials" time="1.195"/>
  <testcase classname="test.ResetPageTest" name="verifyResetPageTittle" time="1.115"/>
  <testcase classname="test.ResetPageTest" name="verifyErrorMessageWithInvalidEmailid" time="1.975"/>
</testsuite> <!-- All Test -->
