<?xml version="1.0" encoding="UTF-8"?>
<!-- Generated by org.testng.reporters.JUnitXMLReporter -->
<testsuite ignored="0" hostname="LAPTOP-A45GL5JI" failures="0" tests="7" name="Functional Test" time="58.246" errors="0" timestamp="2024-04-29T11:50:31 IST">
  <testcase classname="test.HomePageTest" name="verifyHomePageTittle" time="3.912"/>
  <testcase classname="test.HomePageTest" name="verifyUserLoginDate" time="3.07"/>
  <testcase classname="test.LoginPageTest" name="verifyLoginPageTittle" time="0.064"/>
  <testcase classname="test.LoginPageTest" name="verifyUserLoginWithValidCredentials" time="3.252"/>
  <testcase classname="test.LoginPageTest" name="verifyErrorMessageWhileLoggingWithInvalidCredentials" time="1.221"/>
  <testcase classname="test.LoginPageTest" name="verifyErrorMessageWhileLoggingWithInvalidCredentials" time="1.154"/>
  <testcase classname="test.LoginPageTest" name="verifyErrorMessageWhileLoggingWithInvalidCredentials" time="0.967"/>
</testsuite> <!-- Functional Test -->
