<?xml version="1.0" encoding="UTF-8"?>
<!-- Generated by org.testng.reporters.JUnitXMLReporter -->
<testsuite ignored="0" hostname="LAPTOP-A45GL5JI" failures="0" tests="5" name="LoginPage Test" time="53.991" errors="0" timestamp="2024-04-26T14:55:33 IST">
  <testcase classname="test.LoginPageTest" name="verifyErrorMessageWhileLoggingWithInvalidCredentials" time="1.445"/>
  <testcase classname="test.LoginPageTest" name="verifyErrorMessageWhileLoggingWithInvalidCredentials" time="1.114"/>
  <testcase classname="test.LoginPageTest" name="verifyErrorMessageWhileLoggingWithInvalidCredentials" time="1.284"/>
  <testcase classname="test.LoginPageTest" name="verifyLoginPageTittle" time="0.06"/>
  <testcase classname="test.LoginPageTest" name="verifyUserLoginWithValidCredentials" time="2.723"/>
</testsuite> <!-- LoginPage Test -->
