<?xml version="1.0" encoding="UTF-8"?>
<!-- Generated by org.testng.reporters.JUnitXMLReporter -->
<testsuite ignored="1" hostname="LAPTOP-A45GL5JI" failures="0" tests="2" name="Regression Test" time="21.946" errors="0" timestamp="2024-04-28T10:49:02 IST">
  <testcase classname="test.LoginPageTest" name="verifyLoginPageTittle" time="1.091"/>
  <testcase classname="test.LoginPageTest" name="verifyUserLoginWithValidCredentials" time="3.053"/>
  <testcase classname="test.LoginPageTest" name="verifyErrorMessageWhileLoggingWithInvalidCredentials" time="0.0">
    <ignored/>
  </testcase> <!-- verifyErrorMessageWhileLoggingWithInvalidCredentials -->
</testsuite> <!-- Regression Test -->
