<?xml version="1.0" encoding="UTF-8"?>
<!-- Generated by org.testng.reporters.JUnitXMLReporter -->
<testsuite ignored="1" hostname="LAPTOP-A45GL5JI" failures="1" tests="2" name="Regression Test" time="19.604" errors="0" timestamp="2024-04-27T22:23:34 IST">
  <testcase classname="test.LoginPageTest" name="verifyLoginPageTittle" time="1.238"/>
  <testcase classname="test.LoginPageTest" name="verifyUserLoginWithValidCredentials" time="3.186">
    <failure type="java.lang.NullPointerException" message="Cannot invoke &amp;quot;org.apache.poi.ss.usermodel.Cell.getStringCellValue()&amp;quot; because &amp;quot;c&amp;quot; is null">
      <![CDATA[java.lang.NullPointerException: Cannot invoke "org.apache.poi.ss.usermodel.Cell.getStringCellValue()" because "c" is null
at org.qalegend.utilities.ExcelUtility.readStringData(ExcelUtility.java:27)
at test.LoginPageTest.verifyUserLoginWithValidCredentials(LoginPageTest.java:42)
at java.base/java.util.ArrayList.forEach(ArrayList.java:1511)
... Removed 27 stack frames]]>
    </failure>
  </testcase> <!-- verifyUserLoginWithValidCredentials -->
  <testcase classname="test.LoginPageTest" name="verifyErrorMessageWhileLoggingWithInvalidCredentials" time="0.0">
    <ignored/>
  </testcase> <!-- verifyErrorMessageWhileLoggingWithInvalidCredentials -->
</testsuite> <!-- Regression Test -->
