<?xml version="1.0" encoding="UTF-8"?>
<!-- Generated by org.testng.reporters.JUnitXMLReporter -->
<testsuite ignored="0" hostname="LAPTOP-A45GL5JI" failures="0" tests="16" name="Report Test" time="171.981" errors="0" timestamp="2024-04-29T11:55:51 IST">
  <testcase classname="test.HomePageTest" name="verifyHomePageTittle" time="4.719"/>
  <testcase classname="test.HomePageTest" name="verifyUserLoginDate" time="3.179"/>
  <testcase classname="test.LoginPageTest" name="verifyLoginPageTittle" time="0.094"/>
  <testcase classname="test.LoginPageTest" name="verifyUserLoginWithValidCredentials" time="4.054"/>
  <testcase classname="test.LoginPageTest" name="verifyErrorMessageWhileLoggingWithInvalidCredentials" time="1.143"/>
  <testcase classname="test.LoginPageTest" name="verifyErrorMessageWhileLoggingWithInvalidCredentials" time="1.115"/>
  <testcase classname="test.LoginPageTest" name="verifyErrorMessageWhileLoggingWithInvalidCredentials" time="1.098"/>
  <testcase classname="test.ResetPageTest" name="verifyResetPageTittle" time="0.695"/>
  <testcase classname="test.ResetPageTest" name="verifyErrorMessageWithInvalidEmailid" time="1.452"/>
  <testcase classname="test.UsersPageTest" name="verifyManageUserTittle" time="3.919"/>
  <testcase classname="test.AddUserPageTest" name="verifyAddUserTittle" time="6.828"/>
  <testcase classname="test.AddUserPageTest" name="verifyAddUser" time="9.783"/>
  <testcase classname="test.AddUserPageTest" name="verifyUserLoginWithNewlyAddedUser" time="19.425"/>
  <testcase classname="test.UserManagementPageTest" name="verifyUserManagementOPtionUsers" time="2.865"/>
  <testcase classname="test.UserManagementPageTest" name="verifyUserManagementOPtionRoles" time="3.166"/>
  <testcase classname="test.UserManagementPageTest" name="verifyUserManagementOPtionSales" time="3.107"/>
</testsuite> <!-- Report Test -->
