<?xml version="1.0" encoding="UTF-8"?>
<!-- Generated by org.testng.reporters.JUnitXMLReporter -->
<testsuite ignored="0" hostname="LAPTOP-A45GL5JI" failures="0" tests="16" name="Report Test" time="176.034" errors="0" timestamp="2024-04-30T21:13:57 IST">
  <testcase classname="test.HomePageTest" name="verifyHomePageTittle" time="4.223"/>
  <testcase classname="test.HomePageTest" name="verifyUserLoginDate" time="2.601"/>
  <testcase classname="test.LoginPageTest" name="verifyLoginPageTittle" time="0.08"/>
  <testcase classname="test.LoginPageTest" name="verifyUserLoginWithValidCredentials" time="2.853"/>
  <testcase classname="test.LoginPageTest" name="verifyErrorMessageWhileLoggingWithInvalidCredentials" time="0.992"/>
  <testcase classname="test.LoginPageTest" name="verifyErrorMessageWhileLoggingWithInvalidCredentials" time="1.136"/>
  <testcase classname="test.LoginPageTest" name="verifyErrorMessageWhileLoggingWithInvalidCredentials" time="1.137"/>
  <testcase classname="test.ResetPageTest" name="verifyResetPageTittle" time="0.664"/>
  <testcase classname="test.ResetPageTest" name="verifyErrorMessageWithInvalidEmailid" time="1.515"/>
  <testcase classname="test.UsersPageTest" name="verifyManageUserTittle" time="4.269"/>
  <testcase classname="test.AddUserPageTest" name="verifyAddUserTittle" time="5.428"/>
  <testcase classname="test.AddUserPageTest" name="verifyAddUser" time="9.867"/>
  <testcase classname="test.AddUserPageTest" name="verifyUserLoginWithNewlyAddedUser" time="17.447"/>
  <testcase classname="test.UserManagementPageTest" name="verifyUserManagementOPtionUsers" time="3.034"/>
  <testcase classname="test.UserManagementPageTest" name="verifyUserManagementOPtionRoles" time="3.157"/>
  <testcase classname="test.UserManagementPageTest" name="verifyUserManagementOPtionSales" time="2.721"/>
</testsuite> <!-- Report Test -->
