<?xml version="1.0" encoding="UTF-8"?>
<!-- Generated by org.testng.reporters.JUnitXMLReporter -->
<testsuite ignored="2" hostname="LAPTOP-A45GL5JI" failures="0" tests="1" name="Test" time="20.976" errors="0" timestamp="2024-04-30T15:10:47 IST">
  <testcase classname="test.LoginPageTest" name="verifyUserLoginWithValidCredentials" time="5.009"/>
  <testcase classname="test.LoginPageTest" name="verifyLoginPageTittle" time="0.0">
    <ignored/>
  </testcase> <!-- verifyLoginPageTittle -->
  <testcase classname="test.LoginPageTest" name="verifyErrorMessageWhileLoggingWithInvalidCredentials" time="0.0">
    <ignored/>
  </testcase> <!-- verifyErrorMessageWhileLoggingWithInvalidCredentials -->
</testsuite> <!-- Test -->
