<?xml version="1.0" encoding="UTF-8"?>
<testng-results ignored="0" total="16" passed="16" failed="0" skipped="0">
  <reporter-output>
  </reporter-output>
  <suite started-at="2024-04-28T11:13:40 IST" name="Functional Suite" finished-at="2024-04-28T11:16:21 IST" duration-ms="160864">
    <groups>
      <group name="Sanity">
        <method signature="AddUserPageTest.verifyAddUserTittle()[pri:9, instance:test.AddUserPageTest@7c7a06ec]" name="verifyAddUserTittle" class="test.AddUserPageTest"/>
        <method signature="AddUserPageTest.verifyUserLoginWithNewlyAddedUser()[pri:11, instance:test.AddUserPageTest@7c7a06ec]" name="verifyUserLoginWithNewlyAddedUser" class="test.AddUserPageTest"/>
        <method signature="UserManagementPageTest.verifyUserManagementOPtionSales()[pri:14, instance:test.UserManagementPageTest@75d4a5c2]" name="verifyUserManagementOPtionSales" class="test.UserManagementPageTest"/>
      </group> <!-- Sanity -->
      <group name="Regression">
        <method signature="LoginPageTest.verifyLoginPageTittle()[pri:1, instance:test.LoginPageTest@776aec5c]" name="verifyLoginPageTittle" class="test.LoginPageTest"/>
        <method signature="LoginPageTest.verifyUserLoginWithValidCredentials()[pri:2, instance:test.LoginPageTest@776aec5c]" name="verifyUserLoginWithValidCredentials" class="test.LoginPageTest"/>
        <method signature="ResetPageTest.verifyResetPageTittle()[pri:4, instance:test.ResetPageTest@5b7a5baa]" name="verifyResetPageTittle" class="test.ResetPageTest"/>
        <method signature="ResetPageTest.verifyErrorMessageWithInvalidEmailid()[pri:5, instance:test.ResetPageTest@5b7a5baa]" name="verifyErrorMessageWithInvalidEmailid" class="test.ResetPageTest"/>
        <method signature="HomePageTest.verifyHomePageTittle()[pri:6, instance:test.HomePageTest@7c7b252e]" name="verifyHomePageTittle" class="test.HomePageTest"/>
        <method signature="HomePageTest.verifyUserLoginDate()[pri:7, instance:test.HomePageTest@7c7b252e]" name="verifyUserLoginDate" class="test.HomePageTest"/>
        <method signature="AddUserPageTest.verifyAddUser()[pri:10, instance:test.AddUserPageTest@7c7a06ec]" name="verifyAddUser" class="test.AddUserPageTest"/>
        <method signature="UserManagementPageTest.verifyUserManagementOPtionUsers()[pri:12, instance:test.UserManagementPageTest@75d4a5c2]" name="verifyUserManagementOPtionUsers" class="test.UserManagementPageTest"/>
        <method signature="UserManagementPageTest.verifyUserManagementOPtionRoles()[pri:13, instance:test.UserManagementPageTest@75d4a5c2]" name="verifyUserManagementOPtionRoles" class="test.UserManagementPageTest"/>
      </group> <!-- Regression -->
      <group name="Smoke">
        <method signature="LoginPageTest.verifyErrorMessageWhileLoggingWithInvalidCredentials(java.lang.String,java.lang.String)[pri:3, instance:test.LoginPageTest@776aec5c]" name="verifyErrorMessageWhileLoggingWithInvalidCredentials" class="test.LoginPageTest"/>
        <method signature="HomePageTest.verifyUserLoginDate()[pri:7, instance:test.HomePageTest@7c7b252e]" name="verifyUserLoginDate" class="test.HomePageTest"/>
        <method signature="UsersPageTest.verifyManageUserTittle()[pri:8, instance:test.UsersPageTest@1d296da]" name="verifyManageUserTittle" class="test.UsersPageTest"/>
      </group> <!-- Smoke -->
    </groups>
    <test started-at="2024-04-28T11:13:40 IST" name="Test" finished-at="2024-04-28T11:16:21 IST" duration-ms="160864">
      <class name="test.ResetPageTest">
        <test-method is-config="true" signature="setup(java.lang.String,java.lang.String)[pri:0, instance:test.ResetPageTest@5b7a5baa]" started-at="2024-04-28T11:14:01 IST" name="setup" finished-at="2024-04-28T11:14:06 IST" duration-ms="5057" status="PASS">
          <params>
            <param index="0">
              <value>
                <![CDATA[Chrome]]>
              </value>
            </param>
            <param index="1">
              <value>
                <![CDATA[https://qalegend.com/billing/public/login]]>
              </value>
            </param>
          </params>
          <reporter-output>
          </reporter-output>
        </test-method> <!-- setup -->
        <test-method signature="verifyResetPageTittle()[pri:4, instance:test.ResetPageTest@5b7a5baa]" started-at="2024-04-28T11:14:06 IST" name="verifyResetPageTittle" finished-at="2024-04-28T11:14:06 IST" duration-ms="770" status="PASS">
          <reporter-output>
          </reporter-output>
        </test-method> <!-- verifyResetPageTittle -->
        <test-method is-config="true" signature="closeBrowser(org.testng.ITestResult)[pri:0, instance:test.ResetPageTest@5b7a5baa]" started-at="2024-04-28T11:14:06 IST" name="closeBrowser" finished-at="2024-04-28T11:14:07 IST" duration-ms="112" status="PASS">
          <params>
            <param index="0">
              <value>
                <![CDATA[[TestResult name=verifyResetPageTittle status=SUCCESS method=ResetPageTest.verifyResetPageTittle()[pri:4, instance:test.ResetPageTest@5b7a5baa] output={null}]]]>
              </value>
            </param>
          </params>
          <reporter-output>
          </reporter-output>
        </test-method> <!-- closeBrowser -->
        <test-method is-config="true" signature="setup(java.lang.String,java.lang.String)[pri:0, instance:test.ResetPageTest@5b7a5baa]" started-at="2024-04-28T11:14:07 IST" name="setup" finished-at="2024-04-28T11:14:13 IST" duration-ms="6065" status="PASS">
          <params>
            <param index="0">
              <value>
                <![CDATA[Chrome]]>
              </value>
            </param>
            <param index="1">
              <value>
                <![CDATA[https://qalegend.com/billing/public/login]]>
              </value>
            </param>
          </params>
          <reporter-output>
          </reporter-output>
        </test-method> <!-- setup -->
        <test-method signature="verifyErrorMessageWithInvalidEmailid()[pri:5, instance:test.ResetPageTest@5b7a5baa]" started-at="2024-04-28T11:14:13 IST" name="verifyErrorMessageWithInvalidEmailid" finished-at="2024-04-28T11:14:14 IST" duration-ms="1469" status="PASS">
          <reporter-output>
          </reporter-output>
        </test-method> <!-- verifyErrorMessageWithInvalidEmailid -->
        <test-method is-config="true" signature="closeBrowser(org.testng.ITestResult)[pri:0, instance:test.ResetPageTest@5b7a5baa]" started-at="2024-04-28T11:14:14 IST" name="closeBrowser" finished-at="2024-04-28T11:14:14 IST" duration-ms="105" status="PASS">
          <params>
            <param index="0">
              <value>
                <![CDATA[[TestResult name=verifyErrorMessageWithInvalidEmailid status=SUCCESS method=ResetPageTest.verifyErrorMessageWithInvalidEmailid()[pri:5, instance:test.ResetPageTest@5b7a5baa] output={null}]]]>
              </value>
            </param>
          </params>
          <reporter-output>
          </reporter-output>
        </test-method> <!-- closeBrowser -->
      </class> <!-- test.ResetPageTest -->
      <class name="test.HomePageTest">
        <test-method is-config="true" signature="setup(java.lang.String,java.lang.String)[pri:0, instance:test.HomePageTest@7c7b252e]" started-at="2024-04-28T11:13:40 IST" name="setup" finished-at="2024-04-28T11:13:46 IST" duration-ms="6017" status="PASS">
          <params>
            <param index="0">
              <value>
                <![CDATA[Chrome]]>
              </value>
            </param>
            <param index="1">
              <value>
                <![CDATA[https://qalegend.com/billing/public/login]]>
              </value>
            </param>
          </params>
          <reporter-output>
          </reporter-output>
        </test-method> <!-- setup -->
        <test-method signature="verifyHomePageTittle()[pri:6, instance:test.HomePageTest@7c7b252e]" started-at="2024-04-28T11:13:46 IST" name="verifyHomePageTittle" finished-at="2024-04-28T11:13:50 IST" duration-ms="4036" status="PASS">
          <reporter-output>
          </reporter-output>
        </test-method> <!-- verifyHomePageTittle -->
        <test-method is-config="true" signature="closeBrowser(org.testng.ITestResult)[pri:0, instance:test.HomePageTest@7c7b252e]" started-at="2024-04-28T11:13:50 IST" name="closeBrowser" finished-at="2024-04-28T11:13:50 IST" duration-ms="168" status="PASS">
          <params>
            <param index="0">
              <value>
                <![CDATA[[TestResult name=verifyHomePageTittle status=SUCCESS method=HomePageTest.verifyHomePageTittle()[pri:6, instance:test.HomePageTest@7c7b252e] output={null}]]]>
              </value>
            </param>
          </params>
          <reporter-output>
          </reporter-output>
        </test-method> <!-- closeBrowser -->
        <test-method is-config="true" signature="setup(java.lang.String,java.lang.String)[pri:0, instance:test.HomePageTest@7c7b252e]" started-at="2024-04-28T11:13:50 IST" name="setup" finished-at="2024-04-28T11:13:58 IST" duration-ms="7719" status="PASS">
          <params>
            <param index="0">
              <value>
                <![CDATA[Chrome]]>
              </value>
            </param>
            <param index="1">
              <value>
                <![CDATA[https://qalegend.com/billing/public/login]]>
              </value>
            </param>
          </params>
          <reporter-output>
          </reporter-output>
        </test-method> <!-- setup -->
        <test-method signature="verifyUserLoginDate()[pri:7, instance:test.HomePageTest@7c7b252e]" started-at="2024-04-28T11:13:58 IST" name="verifyUserLoginDate" finished-at="2024-04-28T11:14:00 IST" duration-ms="2658" status="PASS">
          <reporter-output>
          </reporter-output>
        </test-method> <!-- verifyUserLoginDate -->
        <test-method is-config="true" signature="closeBrowser(org.testng.ITestResult)[pri:0, instance:test.HomePageTest@7c7b252e]" started-at="2024-04-28T11:14:00 IST" name="closeBrowser" finished-at="2024-04-28T11:14:01 IST" duration-ms="193" status="PASS">
          <params>
            <param index="0">
              <value>
                <![CDATA[[TestResult name=verifyUserLoginDate status=SUCCESS method=HomePageTest.verifyUserLoginDate()[pri:7, instance:test.HomePageTest@7c7b252e] output={null}]]]>
              </value>
            </param>
          </params>
          <reporter-output>
          </reporter-output>
        </test-method> <!-- closeBrowser -->
      </class> <!-- test.HomePageTest -->
      <class name="test.UsersPageTest">
        <test-method is-config="true" signature="setup(java.lang.String,java.lang.String)[pri:0, instance:test.UsersPageTest@1d296da]" started-at="2024-04-28T11:14:50 IST" name="setup" finished-at="2024-04-28T11:14:56 IST" duration-ms="6648" status="PASS">
          <params>
            <param index="0">
              <value>
                <![CDATA[Chrome]]>
              </value>
            </param>
            <param index="1">
              <value>
                <![CDATA[https://qalegend.com/billing/public/login]]>
              </value>
            </param>
          </params>
          <reporter-output>
          </reporter-output>
        </test-method> <!-- setup -->
        <test-method signature="verifyManageUserTittle()[pri:8, instance:test.UsersPageTest@1d296da]" started-at="2024-04-28T11:14:56 IST" name="verifyManageUserTittle" finished-at="2024-04-28T11:15:01 IST" duration-ms="4224" status="PASS">
          <reporter-output>
          </reporter-output>
        </test-method> <!-- verifyManageUserTittle -->
        <test-method is-config="true" signature="closeBrowser(org.testng.ITestResult)[pri:0, instance:test.UsersPageTest@1d296da]" started-at="2024-04-28T11:15:01 IST" name="closeBrowser" finished-at="2024-04-28T11:15:01 IST" duration-ms="269" status="PASS">
          <params>
            <param index="0">
              <value>
                <![CDATA[[TestResult name=verifyManageUserTittle status=SUCCESS method=UsersPageTest.verifyManageUserTittle()[pri:8, instance:test.UsersPageTest@1d296da] output={null}]]]>
              </value>
            </param>
          </params>
          <reporter-output>
          </reporter-output>
        </test-method> <!-- closeBrowser -->
      </class> <!-- test.UsersPageTest -->
      <class name="test.LoginPageTest">
        <test-method is-config="true" signature="setup(java.lang.String,java.lang.String)[pri:0, instance:test.LoginPageTest@776aec5c]" started-at="2024-04-28T11:14:14 IST" name="setup" finished-at="2024-04-28T11:14:20 IST" duration-ms="5979" status="PASS">
          <params>
            <param index="0">
              <value>
                <![CDATA[Chrome]]>
              </value>
            </param>
            <param index="1">
              <value>
                <![CDATA[https://qalegend.com/billing/public/login]]>
              </value>
            </param>
          </params>
          <reporter-output>
          </reporter-output>
        </test-method> <!-- setup -->
        <test-method signature="verifyLoginPageTittle()[pri:1, instance:test.LoginPageTest@776aec5c]" started-at="2024-04-28T11:14:20 IST" name="verifyLoginPageTittle" finished-at="2024-04-28T11:14:20 IST" duration-ms="58" status="PASS">
          <reporter-output>
          </reporter-output>
        </test-method> <!-- verifyLoginPageTittle -->
        <test-method is-config="true" signature="closeBrowser(org.testng.ITestResult)[pri:0, instance:test.LoginPageTest@776aec5c]" started-at="2024-04-28T11:14:20 IST" name="closeBrowser" finished-at="2024-04-28T11:14:20 IST" duration-ms="294" status="PASS">
          <params>
            <param index="0">
              <value>
                <![CDATA[[TestResult name=verifyLoginPageTittle status=SUCCESS method=LoginPageTest.verifyLoginPageTittle()[pri:1, instance:test.LoginPageTest@776aec5c] output={null}]]]>
              </value>
            </param>
          </params>
          <reporter-output>
          </reporter-output>
        </test-method> <!-- closeBrowser -->
        <test-method is-config="true" signature="setup(java.lang.String,java.lang.String)[pri:0, instance:test.LoginPageTest@776aec5c]" started-at="2024-04-28T11:14:20 IST" name="setup" finished-at="2024-04-28T11:14:27 IST" duration-ms="6240" status="PASS">
          <params>
            <param index="0">
              <value>
                <![CDATA[Chrome]]>
              </value>
            </param>
            <param index="1">
              <value>
                <![CDATA[https://qalegend.com/billing/public/login]]>
              </value>
            </param>
          </params>
          <reporter-output>
          </reporter-output>
        </test-method> <!-- setup -->
        <test-method signature="verifyUserLoginWithValidCredentials()[pri:2, instance:test.LoginPageTest@776aec5c]" started-at="2024-04-28T11:14:27 IST" name="verifyUserLoginWithValidCredentials" finished-at="2024-04-28T11:14:31 IST" duration-ms="3949" status="PASS">
          <reporter-output>
          </reporter-output>
        </test-method> <!-- verifyUserLoginWithValidCredentials -->
        <test-method is-config="true" signature="closeBrowser(org.testng.ITestResult)[pri:0, instance:test.LoginPageTest@776aec5c]" started-at="2024-04-28T11:14:31 IST" name="closeBrowser" finished-at="2024-04-28T11:14:31 IST" duration-ms="110" status="PASS">
          <params>
            <param index="0">
              <value>
                <![CDATA[[TestResult name=verifyUserLoginWithValidCredentials status=SUCCESS method=LoginPageTest.verifyUserLoginWithValidCredentials()[pri:2, instance:test.LoginPageTest@776aec5c] output={null}]]]>
              </value>
            </param>
          </params>
          <reporter-output>
          </reporter-output>
        </test-method> <!-- closeBrowser -->
        <test-method is-config="true" signature="setup(java.lang.String,java.lang.String)[pri:0, instance:test.LoginPageTest@776aec5c]" started-at="2024-04-28T11:14:31 IST" name="setup" finished-at="2024-04-28T11:14:36 IST" duration-ms="5014" status="PASS">
          <params>
            <param index="0">
              <value>
                <![CDATA[Chrome]]>
              </value>
            </param>
            <param index="1">
              <value>
                <![CDATA[https://qalegend.com/billing/public/login]]>
              </value>
            </param>
          </params>
          <reporter-output>
          </reporter-output>
        </test-method> <!-- setup -->
        <test-method signature="verifyErrorMessageWhileLoggingWithInvalidCredentials(java.lang.String,java.lang.String)[pri:3, instance:test.LoginPageTest@776aec5c]" started-at="2024-04-28T11:14:36 IST" name="verifyErrorMessageWhileLoggingWithInvalidCredentials" data-provider="InvalidUserCredentials" finished-at="2024-04-28T11:14:37 IST" duration-ms="977" status="PASS">
          <params>
            <param index="0">
              <value>
                <![CDATA[admim]]>
              </value>
            </param>
            <param index="1">
              <value>
                <![CDATA[123456]]>
              </value>
            </param>
          </params>
          <reporter-output>
          </reporter-output>
        </test-method> <!-- verifyErrorMessageWhileLoggingWithInvalidCredentials -->
        <test-method is-config="true" signature="closeBrowser(org.testng.ITestResult)[pri:0, instance:test.LoginPageTest@776aec5c]" started-at="2024-04-28T11:14:37 IST" name="closeBrowser" finished-at="2024-04-28T11:14:37 IST" duration-ms="260" status="PASS">
          <params>
            <param index="0">
              <value>
                <![CDATA[[TestResult name=verifyErrorMessageWhileLoggingWithInvalidCredentials status=SUCCESS method=LoginPageTest.verifyErrorMessageWhileLoggingWithInvalidCredentials(java.lang.String,java.lang.String)[pri:3, instance:test.LoginPageTest@776aec5c] output={null}]]]>
              </value>
            </param>
          </params>
          <reporter-output>
          </reporter-output>
        </test-method> <!-- closeBrowser -->
        <test-method is-config="true" signature="setup(java.lang.String,java.lang.String)[pri:0, instance:test.LoginPageTest@776aec5c]" started-at="2024-04-28T11:14:37 IST" name="setup" finished-at="2024-04-28T11:14:41 IST" duration-ms="4330" status="PASS">
          <params>
            <param index="0">
              <value>
                <![CDATA[Chrome]]>
              </value>
            </param>
            <param index="1">
              <value>
                <![CDATA[https://qalegend.com/billing/public/login]]>
              </value>
            </param>
          </params>
          <reporter-output>
          </reporter-output>
        </test-method> <!-- setup -->
        <test-method signature="verifyErrorMessageWhileLoggingWithInvalidCredentials(java.lang.String,java.lang.String)[pri:3, instance:test.LoginPageTest@776aec5c]" started-at="2024-04-28T11:14:41 IST" name="verifyErrorMessageWhileLoggingWithInvalidCredentials" data-provider="InvalidUserCredentials" finished-at="2024-04-28T11:14:43 IST" duration-ms="1587" status="PASS">
          <params>
            <param index="0">
              <value>
                <![CDATA[admin]]>
              </value>
            </param>
            <param index="1">
              <value>
                <![CDATA[123459]]>
              </value>
            </param>
          </params>
          <reporter-output>
          </reporter-output>
        </test-method> <!-- verifyErrorMessageWhileLoggingWithInvalidCredentials -->
        <test-method is-config="true" signature="closeBrowser(org.testng.ITestResult)[pri:0, instance:test.LoginPageTest@776aec5c]" started-at="2024-04-28T11:14:43 IST" name="closeBrowser" finished-at="2024-04-28T11:14:43 IST" duration-ms="245" status="PASS">
          <params>
            <param index="0">
              <value>
                <![CDATA[[TestResult name=verifyErrorMessageWhileLoggingWithInvalidCredentials status=SUCCESS method=LoginPageTest.verifyErrorMessageWhileLoggingWithInvalidCredentials(java.lang.String,java.lang.String)[pri:3, instance:test.LoginPageTest@776aec5c] output={null}]]]>
              </value>
            </param>
          </params>
          <reporter-output>
          </reporter-output>
        </test-method> <!-- closeBrowser -->
        <test-method is-config="true" signature="setup(java.lang.String,java.lang.String)[pri:0, instance:test.LoginPageTest@776aec5c]" started-at="2024-04-28T11:14:43 IST" name="setup" finished-at="2024-04-28T11:14:49 IST" duration-ms="5335" status="PASS">
          <params>
            <param index="0">
              <value>
                <![CDATA[Chrome]]>
              </value>
            </param>
            <param index="1">
              <value>
                <![CDATA[https://qalegend.com/billing/public/login]]>
              </value>
            </param>
          </params>
          <reporter-output>
          </reporter-output>
        </test-method> <!-- setup -->
        <test-method signature="verifyErrorMessageWhileLoggingWithInvalidCredentials(java.lang.String,java.lang.String)[pri:3, instance:test.LoginPageTest@776aec5c]" started-at="2024-04-28T11:14:49 IST" name="verifyErrorMessageWhileLoggingWithInvalidCredentials" data-provider="InvalidUserCredentials" finished-at="2024-04-28T11:14:50 IST" duration-ms="1017" status="PASS">
          <params>
            <param index="0">
              <value>
                <![CDATA[admio]]>
              </value>
            </param>
            <param index="1">
              <value>
                <![CDATA[123456]]>
              </value>
            </param>
          </params>
          <reporter-output>
          </reporter-output>
        </test-method> <!-- verifyErrorMessageWhileLoggingWithInvalidCredentials -->
        <test-method is-config="true" signature="closeBrowser(org.testng.ITestResult)[pri:0, instance:test.LoginPageTest@776aec5c]" started-at="2024-04-28T11:14:50 IST" name="closeBrowser" finished-at="2024-04-28T11:14:50 IST" duration-ms="197" status="PASS">
          <params>
            <param index="0">
              <value>
                <![CDATA[[TestResult name=verifyErrorMessageWhileLoggingWithInvalidCredentials status=SUCCESS method=LoginPageTest.verifyErrorMessageWhileLoggingWithInvalidCredentials(java.lang.String,java.lang.String)[pri:3, instance:test.LoginPageTest@776aec5c] output={null}]]]>
              </value>
            </param>
          </params>
          <reporter-output>
          </reporter-output>
        </test-method> <!-- closeBrowser -->
      </class> <!-- test.LoginPageTest -->
      <class name="test.AddUserPageTest">
        <test-method is-config="true" signature="setup(java.lang.String,java.lang.String)[pri:0, instance:test.AddUserPageTest@7c7a06ec]" started-at="2024-04-28T11:15:01 IST" name="setup" finished-at="2024-04-28T11:15:07 IST" duration-ms="6124" status="PASS">
          <params>
            <param index="0">
              <value>
                <![CDATA[Chrome]]>
              </value>
            </param>
            <param index="1">
              <value>
                <![CDATA[https://qalegend.com/billing/public/login]]>
              </value>
            </param>
          </params>
          <reporter-output>
          </reporter-output>
        </test-method> <!-- setup -->
        <test-method signature="verifyAddUserTittle()[pri:9, instance:test.AddUserPageTest@7c7a06ec]" started-at="2024-04-28T11:15:07 IST" name="verifyAddUserTittle" finished-at="2024-04-28T11:15:13 IST" duration-ms="5621" status="PASS">
          <reporter-output>
          </reporter-output>
        </test-method> <!-- verifyAddUserTittle -->
        <test-method is-config="true" signature="closeBrowser(org.testng.ITestResult)[pri:0, instance:test.AddUserPageTest@7c7a06ec]" started-at="2024-04-28T11:15:13 IST" name="closeBrowser" finished-at="2024-04-28T11:15:13 IST" duration-ms="178" status="PASS">
          <params>
            <param index="0">
              <value>
                <![CDATA[[TestResult name=verifyAddUserTittle status=SUCCESS method=AddUserPageTest.verifyAddUserTittle()[pri:9, instance:test.AddUserPageTest@7c7a06ec] output={null}]]]>
              </value>
            </param>
          </params>
          <reporter-output>
          </reporter-output>
        </test-method> <!-- closeBrowser -->
        <test-method is-config="true" signature="setup(java.lang.String,java.lang.String)[pri:0, instance:test.AddUserPageTest@7c7a06ec]" started-at="2024-04-28T11:15:13 IST" name="setup" finished-at="2024-04-28T11:15:21 IST" duration-ms="8354" status="PASS">
          <params>
            <param index="0">
              <value>
                <![CDATA[Chrome]]>
              </value>
            </param>
            <param index="1">
              <value>
                <![CDATA[https://qalegend.com/billing/public/login]]>
              </value>
            </param>
          </params>
          <reporter-output>
          </reporter-output>
        </test-method> <!-- setup -->
        <test-method signature="verifyAddUser()[pri:10, instance:test.AddUserPageTest@7c7a06ec]" started-at="2024-04-28T11:15:21 IST" name="verifyAddUser" finished-at="2024-04-28T11:15:32 IST" duration-ms="10562" status="PASS">
          <reporter-output>
          </reporter-output>
        </test-method> <!-- verifyAddUser -->
        <test-method is-config="true" signature="closeBrowser(org.testng.ITestResult)[pri:0, instance:test.AddUserPageTest@7c7a06ec]" started-at="2024-04-28T11:15:32 IST" name="closeBrowser" finished-at="2024-04-28T11:15:32 IST" duration-ms="133" status="PASS">
          <params>
            <param index="0">
              <value>
                <![CDATA[[TestResult name=verifyAddUser status=SUCCESS method=AddUserPageTest.verifyAddUser()[pri:10, instance:test.AddUserPageTest@7c7a06ec] output={null}]]]>
              </value>
            </param>
          </params>
          <reporter-output>
          </reporter-output>
        </test-method> <!-- closeBrowser -->
        <test-method is-config="true" signature="setup(java.lang.String,java.lang.String)[pri:0, instance:test.AddUserPageTest@7c7a06ec]" started-at="2024-04-28T11:15:32 IST" name="setup" finished-at="2024-04-28T11:15:38 IST" duration-ms="6250" status="PASS">
          <params>
            <param index="0">
              <value>
                <![CDATA[Chrome]]>
              </value>
            </param>
            <param index="1">
              <value>
                <![CDATA[https://qalegend.com/billing/public/login]]>
              </value>
            </param>
          </params>
          <reporter-output>
          </reporter-output>
        </test-method> <!-- setup -->
        <test-method signature="verifyUserLoginWithNewlyAddedUser()[pri:11, instance:test.AddUserPageTest@7c7a06ec]" started-at="2024-04-28T11:15:38 IST" name="verifyUserLoginWithNewlyAddedUser" finished-at="2024-04-28T11:15:55 IST" duration-ms="17337" status="PASS">
          <reporter-output>
          </reporter-output>
        </test-method> <!-- verifyUserLoginWithNewlyAddedUser -->
        <test-method is-config="true" signature="closeBrowser(org.testng.ITestResult)[pri:0, instance:test.AddUserPageTest@7c7a06ec]" started-at="2024-04-28T11:15:55 IST" name="closeBrowser" finished-at="2024-04-28T11:15:56 IST" duration-ms="250" status="PASS">
          <params>
            <param index="0">
              <value>
                <![CDATA[[TestResult name=verifyUserLoginWithNewlyAddedUser status=SUCCESS method=AddUserPageTest.verifyUserLoginWithNewlyAddedUser()[pri:11, instance:test.AddUserPageTest@7c7a06ec] output={null}]]]>
              </value>
            </param>
          </params>
          <reporter-output>
          </reporter-output>
        </test-method> <!-- closeBrowser -->
      </class> <!-- test.AddUserPageTest -->
      <class name="test.UserManagementPageTest">
        <test-method is-config="true" signature="setup(java.lang.String,java.lang.String)[pri:0, instance:test.UserManagementPageTest@75d4a5c2]" started-at="2024-04-28T11:15:56 IST" name="setup" finished-at="2024-04-28T11:16:01 IST" duration-ms="5225" status="PASS">
          <params>
            <param index="0">
              <value>
                <![CDATA[Chrome]]>
              </value>
            </param>
            <param index="1">
              <value>
                <![CDATA[https://qalegend.com/billing/public/login]]>
              </value>
            </param>
          </params>
          <reporter-output>
          </reporter-output>
        </test-method> <!-- setup -->
        <test-method signature="verifyUserManagementOPtionUsers()[pri:12, instance:test.UserManagementPageTest@75d4a5c2]" started-at="2024-04-28T11:16:01 IST" name="verifyUserManagementOPtionUsers" finished-at="2024-04-28T11:16:04 IST" duration-ms="2761" status="PASS">
          <reporter-output>
          </reporter-output>
        </test-method> <!-- verifyUserManagementOPtionUsers -->
        <test-method is-config="true" signature="closeBrowser(org.testng.ITestResult)[pri:0, instance:test.UserManagementPageTest@75d4a5c2]" started-at="2024-04-28T11:16:04 IST" name="closeBrowser" finished-at="2024-04-28T11:16:04 IST" duration-ms="115" status="PASS">
          <params>
            <param index="0">
              <value>
                <![CDATA[[TestResult name=verifyUserManagementOPtionUsers status=SUCCESS method=UserManagementPageTest.verifyUserManagementOPtionUsers()[pri:12, instance:test.UserManagementPageTest@75d4a5c2] output={null}]]]>
              </value>
            </param>
          </params>
          <reporter-output>
          </reporter-output>
        </test-method> <!-- closeBrowser -->
        <test-method is-config="true" signature="setup(java.lang.String,java.lang.String)[pri:0, instance:test.UserManagementPageTest@75d4a5c2]" started-at="2024-04-28T11:16:04 IST" name="setup" finished-at="2024-04-28T11:16:09 IST" duration-ms="4757" status="PASS">
          <params>
            <param index="0">
              <value>
                <![CDATA[Chrome]]>
              </value>
            </param>
            <param index="1">
              <value>
                <![CDATA[https://qalegend.com/billing/public/login]]>
              </value>
            </param>
          </params>
          <reporter-output>
          </reporter-output>
        </test-method> <!-- setup -->
        <test-method signature="verifyUserManagementOPtionRoles()[pri:13, instance:test.UserManagementPageTest@75d4a5c2]" started-at="2024-04-28T11:16:09 IST" name="verifyUserManagementOPtionRoles" finished-at="2024-04-28T11:16:11 IST" duration-ms="2746" status="PASS">
          <reporter-output>
          </reporter-output>
        </test-method> <!-- verifyUserManagementOPtionRoles -->
        <test-method is-config="true" signature="closeBrowser(org.testng.ITestResult)[pri:0, instance:test.UserManagementPageTest@75d4a5c2]" started-at="2024-04-28T11:16:11 IST" name="closeBrowser" finished-at="2024-04-28T11:16:12 IST" duration-ms="222" status="PASS">
          <params>
            <param index="0">
              <value>
                <![CDATA[[TestResult name=verifyUserManagementOPtionRoles status=SUCCESS method=UserManagementPageTest.verifyUserManagementOPtionRoles()[pri:13, instance:test.UserManagementPageTest@75d4a5c2] output={null}]]]>
              </value>
            </param>
          </params>
          <reporter-output>
          </reporter-output>
        </test-method> <!-- closeBrowser -->
        <test-method is-config="true" signature="setup(java.lang.String,java.lang.String)[pri:0, instance:test.UserManagementPageTest@75d4a5c2]" started-at="2024-04-28T11:16:12 IST" name="setup" finished-at="2024-04-28T11:16:13 IST" duration-ms="1738" status="PASS">
          <params>
            <param index="0">
              <value>
                <![CDATA[Chrome]]>
              </value>
            </param>
            <param index="1">
              <value>
                <![CDATA[https://qalegend.com/billing/public/login]]>
              </value>
            </param>
          </params>
          <reporter-output>
          </reporter-output>
        </test-method> <!-- setup -->
        <test-method signature="verifyUserManagementOPtionSales()[pri:14, instance:test.UserManagementPageTest@75d4a5c2]" started-at="2024-04-28T11:16:13 IST" name="verifyUserManagementOPtionSales" finished-at="2024-04-28T11:16:20 IST" duration-ms="6926" status="PASS">
          <reporter-output>
          </reporter-output>
        </test-method> <!-- verifyUserManagementOPtionSales -->
        <test-method is-config="true" signature="closeBrowser(org.testng.ITestResult)[pri:0, instance:test.UserManagementPageTest@75d4a5c2]" started-at="2024-04-28T11:16:20 IST" name="closeBrowser" finished-at="2024-04-28T11:16:21 IST" duration-ms="291" status="PASS">
          <params>
            <param index="0">
              <value>
                <![CDATA[[TestResult name=verifyUserManagementOPtionSales status=SUCCESS method=UserManagementPageTest.verifyUserManagementOPtionSales()[pri:14, instance:test.UserManagementPageTest@75d4a5c2] output={null}]]]>
              </value>
            </param>
          </params>
          <reporter-output>
          </reporter-output>
        </test-method> <!-- closeBrowser -->
      </class> <!-- test.UserManagementPageTest -->
    </test> <!-- Test -->
  </suite> <!-- Functional Suite -->
</testng-results>
