<?xml version="1.0" encoding="UTF-8"?>
<testng-results retried="1" ignored="1" total="18" passed="16" failed="0" skipped="0">
  <reporter-output>
  </reporter-output>
  <suite started-at="2024-04-28T13:52:49 IST" name="Functional Suite" finished-at="2024-04-28T13:56:05 IST" duration-ms="195469">
    <groups>
      <group name="Sanity">
        <method signature="AddUserPageTest.verifyAddUserTittle()[pri:9, instance:test.AddUserPageTest@1af2d44a]" name="verifyAddUserTittle" class="test.AddUserPageTest"/>
        <method signature="AddUserPageTest.verifyUserLoginWithNewlyAddedUser()[pri:11, instance:test.AddUserPageTest@1af2d44a]" name="verifyUserLoginWithNewlyAddedUser" class="test.AddUserPageTest"/>
        <method signature="UserManagementPageTest.verifyUserManagementOPtionSales()[pri:14, instance:test.UserManagementPageTest@18d87d80]" name="verifyUserManagementOPtionSales" class="test.UserManagementPageTest"/>
      </group> <!-- Sanity -->
      <group name="Regression">
        <method signature="LoginPageTest.verifyLoginPageTittle()[pri:1, instance:test.LoginPageTest@4738a206]" name="verifyLoginPageTittle" class="test.LoginPageTest"/>
        <method signature="LoginPageTest.verifyUserLoginWithValidCredentials()[pri:2, instance:test.LoginPageTest@4738a206]" name="verifyUserLoginWithValidCredentials" class="test.LoginPageTest"/>
        <method signature="ResetPageTest.verifyResetPageTittle()[pri:4, instance:test.ResetPageTest@66d3eec0]" name="verifyResetPageTittle" class="test.ResetPageTest"/>
        <method signature="ResetPageTest.verifyErrorMessageWithInvalidEmailid()[pri:5, instance:test.ResetPageTest@66d3eec0]" name="verifyErrorMessageWithInvalidEmailid" class="test.ResetPageTest"/>
        <method signature="HomePageTest.verifyHomePageTittle()[pri:6, instance:test.HomePageTest@662b4c69]" name="verifyHomePageTittle" class="test.HomePageTest"/>
        <method signature="HomePageTest.verifyUserLoginDate()[pri:7, instance:test.HomePageTest@662b4c69]" name="verifyUserLoginDate" class="test.HomePageTest"/>
        <method signature="AddUserPageTest.verifyAddUser()[pri:10, instance:test.AddUserPageTest@1af2d44a]" name="verifyAddUser" class="test.AddUserPageTest"/>
        <method signature="UserManagementPageTest.verifyUserManagementOPtionUsers()[pri:12, instance:test.UserManagementPageTest@18d87d80]" name="verifyUserManagementOPtionUsers" class="test.UserManagementPageTest"/>
        <method signature="UserManagementPageTest.verifyUserManagementOPtionRoles()[pri:13, instance:test.UserManagementPageTest@18d87d80]" name="verifyUserManagementOPtionRoles" class="test.UserManagementPageTest"/>
      </group> <!-- Regression -->
      <group name="Smoke">
        <method signature="LoginPageTest.verifyErrorMessageWhileLoggingWithInvalidCredentials(java.lang.String,java.lang.String)[pri:3, instance:test.LoginPageTest@4738a206]" name="verifyErrorMessageWhileLoggingWithInvalidCredentials" class="test.LoginPageTest"/>
        <method signature="HomePageTest.verifyUserLoginDate()[pri:7, instance:test.HomePageTest@662b4c69]" name="verifyUserLoginDate" class="test.HomePageTest"/>
        <method signature="UsersPageTest.verifyManageUserTittle()[pri:8, instance:test.UsersPageTest@1e04fa0a]" name="verifyManageUserTittle" class="test.UsersPageTest"/>
      </group> <!-- Smoke -->
    </groups>
    <test started-at="2024-04-28T13:52:49 IST" name="Report Test" finished-at="2024-04-28T13:56:05 IST" duration-ms="195469">
      <class name="test.ResetPageTest">
        <test-method is-config="true" signature="setup(java.lang.String,java.lang.String)[pri:0, instance:test.ResetPageTest@66d3eec0]" started-at="2024-04-28T13:53:56 IST" name="setup" finished-at="2024-04-28T13:54:02 IST" duration-ms="6160" status="PASS">
          <params>
            <param index="0">
              <value>
                <![CDATA[Chrome]]>
              </value>
            </param>
            <param index="1">
              <value>
                <![CDATA[https://qalegend.com/billing/public/login]]>
              </value>
            </param>
          </params>
          <reporter-output>
          </reporter-output>
        </test-method> <!-- setup -->
        <test-method signature="verifyResetPageTittle()[pri:4, instance:test.ResetPageTest@66d3eec0]" started-at="2024-04-28T13:54:02 IST" name="verifyResetPageTittle" finished-at="2024-04-28T13:54:03 IST" duration-ms="741" status="PASS">
          <reporter-output>
          </reporter-output>
        </test-method> <!-- verifyResetPageTittle -->
        <test-method is-config="true" signature="closeBrowser(org.testng.ITestResult)[pri:0, instance:test.ResetPageTest@66d3eec0]" started-at="2024-04-28T13:54:03 IST" name="closeBrowser" finished-at="2024-04-28T13:54:03 IST" duration-ms="117" status="PASS">
          <params>
            <param index="0">
              <value>
                <![CDATA[[TestResult name=verifyResetPageTittle status=SUCCESS method=ResetPageTest.verifyResetPageTittle()[pri:4, instance:test.ResetPageTest@66d3eec0] output={null}]]]>
              </value>
            </param>
          </params>
          <reporter-output>
          </reporter-output>
        </test-method> <!-- closeBrowser -->
        <test-method is-config="true" signature="setup(java.lang.String,java.lang.String)[pri:0, instance:test.ResetPageTest@66d3eec0]" started-at="2024-04-28T13:54:03 IST" name="setup" finished-at="2024-04-28T13:54:07 IST" duration-ms="4104" status="PASS">
          <params>
            <param index="0">
              <value>
                <![CDATA[Chrome]]>
              </value>
            </param>
            <param index="1">
              <value>
                <![CDATA[https://qalegend.com/billing/public/login]]>
              </value>
            </param>
          </params>
          <reporter-output>
          </reporter-output>
        </test-method> <!-- setup -->
        <test-method signature="verifyErrorMessageWithInvalidEmailid()[pri:5, instance:test.ResetPageTest@66d3eec0]" started-at="2024-04-28T13:54:07 IST" name="verifyErrorMessageWithInvalidEmailid" finished-at="2024-04-28T13:54:08 IST" duration-ms="1362" status="PASS">
          <reporter-output>
          </reporter-output>
        </test-method> <!-- verifyErrorMessageWithInvalidEmailid -->
        <test-method is-config="true" signature="closeBrowser(org.testng.ITestResult)[pri:0, instance:test.ResetPageTest@66d3eec0]" started-at="2024-04-28T13:54:08 IST" name="closeBrowser" finished-at="2024-04-28T13:54:08 IST" duration-ms="118" status="PASS">
          <params>
            <param index="0">
              <value>
                <![CDATA[[TestResult name=verifyErrorMessageWithInvalidEmailid status=SUCCESS method=ResetPageTest.verifyErrorMessageWithInvalidEmailid()[pri:5, instance:test.ResetPageTest@66d3eec0] output={null}]]]>
              </value>
            </param>
          </params>
          <reporter-output>
          </reporter-output>
        </test-method> <!-- closeBrowser -->
      </class> <!-- test.ResetPageTest -->
      <class name="test.HomePageTest">
        <test-method is-config="true" signature="setup(java.lang.String,java.lang.String)[pri:0, instance:test.HomePageTest@662b4c69]" started-at="2024-04-28T13:52:50 IST" name="setup" finished-at="2024-04-28T13:52:57 IST" duration-ms="7566" status="PASS">
          <params>
            <param index="0">
              <value>
                <![CDATA[Chrome]]>
              </value>
            </param>
            <param index="1">
              <value>
                <![CDATA[https://qalegend.com/billing/public/login]]>
              </value>
            </param>
          </params>
          <reporter-output>
          </reporter-output>
        </test-method> <!-- setup -->
        <test-method signature="verifyHomePageTittle()[pri:6, instance:test.HomePageTest@662b4c69]" started-at="2024-04-28T13:52:57 IST" name="verifyHomePageTittle" finished-at="2024-04-28T13:53:01 IST" duration-ms="4306" status="PASS">
          <reporter-output>
          </reporter-output>
        </test-method> <!-- verifyHomePageTittle -->
        <test-method is-config="true" signature="closeBrowser(org.testng.ITestResult)[pri:0, instance:test.HomePageTest@662b4c69]" started-at="2024-04-28T13:53:01 IST" name="closeBrowser" finished-at="2024-04-28T13:53:02 IST" duration-ms="154" status="PASS">
          <params>
            <param index="0">
              <value>
                <![CDATA[[TestResult name=verifyHomePageTittle status=SUCCESS method=HomePageTest.verifyHomePageTittle()[pri:6, instance:test.HomePageTest@662b4c69] output={null}]]]>
              </value>
            </param>
          </params>
          <reporter-output>
          </reporter-output>
        </test-method> <!-- closeBrowser -->
        <test-method is-config="true" signature="setup(java.lang.String,java.lang.String)[pri:0, instance:test.HomePageTest@662b4c69]" started-at="2024-04-28T13:53:02 IST" name="setup" finished-at="2024-04-28T13:53:10 IST" duration-ms="8426" status="PASS">
          <params>
            <param index="0">
              <value>
                <![CDATA[Chrome]]>
              </value>
            </param>
            <param index="1">
              <value>
                <![CDATA[https://qalegend.com/billing/public/login]]>
              </value>
            </param>
          </params>
          <reporter-output>
          </reporter-output>
        </test-method> <!-- setup -->
        <test-method signature="verifyUserLoginDate()[pri:7, instance:test.HomePageTest@662b4c69]" started-at="2024-04-28T13:53:10 IST" name="verifyUserLoginDate" finished-at="2024-04-28T13:53:13 IST" duration-ms="2904" status="PASS">
          <reporter-output>
          </reporter-output>
        </test-method> <!-- verifyUserLoginDate -->
        <test-method is-config="true" signature="closeBrowser(org.testng.ITestResult)[pri:0, instance:test.HomePageTest@662b4c69]" started-at="2024-04-28T13:53:13 IST" name="closeBrowser" finished-at="2024-04-28T13:53:13 IST" duration-ms="104" status="PASS">
          <params>
            <param index="0">
              <value>
                <![CDATA[[TestResult name=verifyUserLoginDate status=SUCCESS method=HomePageTest.verifyUserLoginDate()[pri:7, instance:test.HomePageTest@662b4c69] output={null}]]]>
              </value>
            </param>
          </params>
          <reporter-output>
          </reporter-output>
        </test-method> <!-- closeBrowser -->
      </class> <!-- test.HomePageTest -->
      <class name="test.UsersPageTest">
        <test-method is-config="true" signature="setup(java.lang.String,java.lang.String)[pri:0, instance:test.UsersPageTest@1e04fa0a]" started-at="2024-04-28T13:54:08 IST" name="setup" finished-at="2024-04-28T13:54:14 IST" duration-ms="5761" status="PASS">
          <params>
            <param index="0">
              <value>
                <![CDATA[Chrome]]>
              </value>
            </param>
            <param index="1">
              <value>
                <![CDATA[https://qalegend.com/billing/public/login]]>
              </value>
            </param>
          </params>
          <reporter-output>
          </reporter-output>
        </test-method> <!-- setup -->
        <test-method signature="verifyManageUserTittle()[pri:8, instance:test.UsersPageTest@1e04fa0a]" started-at="2024-04-28T13:54:14 IST" name="verifyManageUserTittle" finished-at="2024-04-28T13:54:18 IST" duration-ms="4170" status="PASS">
          <reporter-output>
          </reporter-output>
        </test-method> <!-- verifyManageUserTittle -->
        <test-method is-config="true" signature="closeBrowser(org.testng.ITestResult)[pri:0, instance:test.UsersPageTest@1e04fa0a]" started-at="2024-04-28T13:54:18 IST" name="closeBrowser" finished-at="2024-04-28T13:54:19 IST" duration-ms="142" status="PASS">
          <params>
            <param index="0">
              <value>
                <![CDATA[[TestResult name=verifyManageUserTittle status=SUCCESS method=UsersPageTest.verifyManageUserTittle()[pri:8, instance:test.UsersPageTest@1e04fa0a] output={null}]]]>
              </value>
            </param>
          </params>
          <reporter-output>
          </reporter-output>
        </test-method> <!-- closeBrowser -->
      </class> <!-- test.UsersPageTest -->
      <class name="test.LoginPageTest">
        <test-method is-config="true" signature="setup(java.lang.String,java.lang.String)[pri:0, instance:test.LoginPageTest@4738a206]" started-at="2024-04-28T13:53:13 IST" name="setup" finished-at="2024-04-28T13:53:21 IST" duration-ms="7948" status="PASS">
          <params>
            <param index="0">
              <value>
                <![CDATA[Chrome]]>
              </value>
            </param>
            <param index="1">
              <value>
                <![CDATA[https://qalegend.com/billing/public/login]]>
              </value>
            </param>
          </params>
          <reporter-output>
          </reporter-output>
        </test-method> <!-- setup -->
        <test-method signature="verifyLoginPageTittle()[pri:1, instance:test.LoginPageTest@4738a206]" started-at="2024-04-28T13:53:21 IST" name="verifyLoginPageTittle" finished-at="2024-04-28T13:53:21 IST" duration-ms="74" status="PASS">
          <reporter-output>
          </reporter-output>
        </test-method> <!-- verifyLoginPageTittle -->
        <test-method is-config="true" signature="closeBrowser(org.testng.ITestResult)[pri:0, instance:test.LoginPageTest@4738a206]" started-at="2024-04-28T13:53:21 IST" name="closeBrowser" finished-at="2024-04-28T13:53:21 IST" duration-ms="347" status="PASS">
          <params>
            <param index="0">
              <value>
                <![CDATA[[TestResult name=verifyLoginPageTittle status=SUCCESS method=LoginPageTest.verifyLoginPageTittle()[pri:1, instance:test.LoginPageTest@4738a206] output={null}]]]>
              </value>
            </param>
          </params>
          <reporter-output>
          </reporter-output>
        </test-method> <!-- closeBrowser -->
        <test-method is-config="true" signature="setup(java.lang.String,java.lang.String)[pri:0, instance:test.LoginPageTest@4738a206]" started-at="2024-04-28T13:53:21 IST" name="setup" finished-at="2024-04-28T13:53:28 IST" duration-ms="6905" status="PASS">
          <params>
            <param index="0">
              <value>
                <![CDATA[Chrome]]>
              </value>
            </param>
            <param index="1">
              <value>
                <![CDATA[https://qalegend.com/billing/public/login]]>
              </value>
            </param>
          </params>
          <reporter-output>
          </reporter-output>
        </test-method> <!-- setup -->
        <test-method signature="verifyUserLoginWithValidCredentials()[pri:2, instance:test.LoginPageTest@4738a206]" started-at="2024-04-28T13:53:28 IST" name="verifyUserLoginWithValidCredentials" finished-at="2024-04-28T13:53:31 IST" duration-ms="2856" status="PASS">
          <reporter-output>
          </reporter-output>
        </test-method> <!-- verifyUserLoginWithValidCredentials -->
        <test-method is-config="true" signature="closeBrowser(org.testng.ITestResult)[pri:0, instance:test.LoginPageTest@4738a206]" started-at="2024-04-28T13:53:31 IST" name="closeBrowser" finished-at="2024-04-28T13:53:31 IST" duration-ms="209" status="PASS">
          <params>
            <param index="0">
              <value>
                <![CDATA[[TestResult name=verifyUserLoginWithValidCredentials status=SUCCESS method=LoginPageTest.verifyUserLoginWithValidCredentials()[pri:2, instance:test.LoginPageTest@4738a206] output={null}]]]>
              </value>
            </param>
          </params>
          <reporter-output>
          </reporter-output>
        </test-method> <!-- closeBrowser -->
        <test-method is-config="true" signature="setup(java.lang.String,java.lang.String)[pri:0, instance:test.LoginPageTest@4738a206]" started-at="2024-04-28T13:53:31 IST" name="setup" finished-at="2024-04-28T13:53:37 IST" duration-ms="5659" status="PASS">
          <params>
            <param index="0">
              <value>
                <![CDATA[Chrome]]>
              </value>
            </param>
            <param index="1">
              <value>
                <![CDATA[https://qalegend.com/billing/public/login]]>
              </value>
            </param>
          </params>
          <reporter-output>
          </reporter-output>
        </test-method> <!-- setup -->
        <test-method signature="verifyErrorMessageWhileLoggingWithInvalidCredentials(java.lang.String,java.lang.String)[pri:3, instance:test.LoginPageTest@4738a206]" started-at="2024-04-28T13:53:37 IST" name="verifyErrorMessageWhileLoggingWithInvalidCredentials" data-provider="InvalidUserCredentials" finished-at="2024-04-28T13:53:38 IST" duration-ms="1194" status="PASS">
          <params>
            <param index="0">
              <value>
                <![CDATA[admim]]>
              </value>
            </param>
            <param index="1">
              <value>
                <![CDATA[123456]]>
              </value>
            </param>
          </params>
          <reporter-output>
          </reporter-output>
        </test-method> <!-- verifyErrorMessageWhileLoggingWithInvalidCredentials -->
        <test-method is-config="true" signature="closeBrowser(org.testng.ITestResult)[pri:0, instance:test.LoginPageTest@4738a206]" started-at="2024-04-28T13:53:38 IST" name="closeBrowser" finished-at="2024-04-28T13:53:38 IST" duration-ms="235" status="PASS">
          <params>
            <param index="0">
              <value>
                <![CDATA[[TestResult name=verifyErrorMessageWhileLoggingWithInvalidCredentials status=SUCCESS method=LoginPageTest.verifyErrorMessageWhileLoggingWithInvalidCredentials(java.lang.String,java.lang.String)[pri:3, instance:test.LoginPageTest@4738a206] output={null}]]]>
              </value>
            </param>
          </params>
          <reporter-output>
          </reporter-output>
        </test-method> <!-- closeBrowser -->
        <test-method is-config="true" signature="setup(java.lang.String,java.lang.String)[pri:0, instance:test.LoginPageTest@4738a206]" started-at="2024-04-28T13:53:38 IST" name="setup" finished-at="2024-04-28T13:53:47 IST" duration-ms="8128" status="PASS">
          <params>
            <param index="0">
              <value>
                <![CDATA[Chrome]]>
              </value>
            </param>
            <param index="1">
              <value>
                <![CDATA[https://qalegend.com/billing/public/login]]>
              </value>
            </param>
          </params>
          <reporter-output>
          </reporter-output>
        </test-method> <!-- setup -->
        <test-method signature="verifyErrorMessageWhileLoggingWithInvalidCredentials(java.lang.String,java.lang.String)[pri:3, instance:test.LoginPageTest@4738a206]" started-at="2024-04-28T13:53:47 IST" name="verifyErrorMessageWhileLoggingWithInvalidCredentials" data-provider="InvalidUserCredentials" finished-at="2024-04-28T13:53:48 IST" duration-ms="1102" status="PASS">
          <params>
            <param index="0">
              <value>
                <![CDATA[admin]]>
              </value>
            </param>
            <param index="1">
              <value>
                <![CDATA[123459]]>
              </value>
            </param>
          </params>
          <reporter-output>
          </reporter-output>
        </test-method> <!-- verifyErrorMessageWhileLoggingWithInvalidCredentials -->
        <test-method is-config="true" signature="closeBrowser(org.testng.ITestResult)[pri:0, instance:test.LoginPageTest@4738a206]" started-at="2024-04-28T13:53:48 IST" name="closeBrowser" finished-at="2024-04-28T13:53:48 IST" duration-ms="225" status="PASS">
          <params>
            <param index="0">
              <value>
                <![CDATA[[TestResult name=verifyErrorMessageWhileLoggingWithInvalidCredentials status=SUCCESS method=LoginPageTest.verifyErrorMessageWhileLoggingWithInvalidCredentials(java.lang.String,java.lang.String)[pri:3, instance:test.LoginPageTest@4738a206] output={null}]]]>
              </value>
            </param>
          </params>
          <reporter-output>
          </reporter-output>
        </test-method> <!-- closeBrowser -->
        <test-method is-config="true" signature="setup(java.lang.String,java.lang.String)[pri:0, instance:test.LoginPageTest@4738a206]" started-at="2024-04-28T13:53:48 IST" name="setup" finished-at="2024-04-28T13:53:55 IST" duration-ms="6684" status="PASS">
          <params>
            <param index="0">
              <value>
                <![CDATA[Chrome]]>
              </value>
            </param>
            <param index="1">
              <value>
                <![CDATA[https://qalegend.com/billing/public/login]]>
              </value>
            </param>
          </params>
          <reporter-output>
          </reporter-output>
        </test-method> <!-- setup -->
        <test-method signature="verifyErrorMessageWhileLoggingWithInvalidCredentials(java.lang.String,java.lang.String)[pri:3, instance:test.LoginPageTest@4738a206]" started-at="2024-04-28T13:53:55 IST" name="verifyErrorMessageWhileLoggingWithInvalidCredentials" data-provider="InvalidUserCredentials" finished-at="2024-04-28T13:53:56 IST" duration-ms="1039" status="PASS">
          <params>
            <param index="0">
              <value>
                <![CDATA[admio]]>
              </value>
            </param>
            <param index="1">
              <value>
                <![CDATA[123456]]>
              </value>
            </param>
          </params>
          <reporter-output>
          </reporter-output>
        </test-method> <!-- verifyErrorMessageWhileLoggingWithInvalidCredentials -->
        <test-method is-config="true" signature="closeBrowser(org.testng.ITestResult)[pri:0, instance:test.LoginPageTest@4738a206]" started-at="2024-04-28T13:53:56 IST" name="closeBrowser" finished-at="2024-04-28T13:53:56 IST" duration-ms="205" status="PASS">
          <params>
            <param index="0">
              <value>
                <![CDATA[[TestResult name=verifyErrorMessageWhileLoggingWithInvalidCredentials status=SUCCESS method=LoginPageTest.verifyErrorMessageWhileLoggingWithInvalidCredentials(java.lang.String,java.lang.String)[pri:3, instance:test.LoginPageTest@4738a206] output={null}]]]>
              </value>
            </param>
          </params>
          <reporter-output>
          </reporter-output>
        </test-method> <!-- closeBrowser -->
      </class> <!-- test.LoginPageTest -->
      <class name="test.AddUserPageTest">
        <test-method is-config="true" signature="setup(java.lang.String,java.lang.String)[pri:0, instance:test.AddUserPageTest@1af2d44a]" started-at="2024-04-28T13:54:19 IST" name="setup" finished-at="2024-04-28T13:54:27 IST" duration-ms="8170" status="PASS">
          <params>
            <param index="0">
              <value>
                <![CDATA[Chrome]]>
              </value>
            </param>
            <param index="1">
              <value>
                <![CDATA[https://qalegend.com/billing/public/login]]>
              </value>
            </param>
          </params>
          <reporter-output>
          </reporter-output>
        </test-method> <!-- setup -->
        <test-method signature="verifyAddUserTittle()[pri:9, instance:test.AddUserPageTest@1af2d44a]" started-at="2024-04-28T13:54:27 IST" name="verifyAddUserTittle" finished-at="2024-04-28T13:54:34 IST" duration-ms="7346" status="PASS">
          <reporter-output>
          </reporter-output>
        </test-method> <!-- verifyAddUserTittle -->
        <test-method is-config="true" signature="closeBrowser(org.testng.ITestResult)[pri:0, instance:test.AddUserPageTest@1af2d44a]" started-at="2024-04-28T13:54:34 IST" name="closeBrowser" finished-at="2024-04-28T13:54:34 IST" duration-ms="320" status="PASS">
          <params>
            <param index="0">
              <value>
                <![CDATA[[TestResult name=verifyAddUserTittle status=SUCCESS method=AddUserPageTest.verifyAddUserTittle()[pri:9, instance:test.AddUserPageTest@1af2d44a] output={null}]]]>
              </value>
            </param>
          </params>
          <reporter-output>
          </reporter-output>
        </test-method> <!-- closeBrowser -->
        <test-method is-config="true" signature="setup(java.lang.String,java.lang.String)[pri:0, instance:test.AddUserPageTest@1af2d44a]" started-at="2024-04-28T13:54:34 IST" name="setup" finished-at="2024-04-28T13:54:40 IST" duration-ms="5647" status="PASS">
          <params>
            <param index="0">
              <value>
                <![CDATA[Chrome]]>
              </value>
            </param>
            <param index="1">
              <value>
                <![CDATA[https://qalegend.com/billing/public/login]]>
              </value>
            </param>
          </params>
          <reporter-output>
          </reporter-output>
        </test-method> <!-- setup -->
        <test-method retried="true" signature="verifyAddUser()[pri:10, instance:test.AddUserPageTest@1af2d44a]" started-at="2024-04-28T13:54:40 IST" name="verifyAddUser" finished-at="2024-04-28T13:54:58 IST" duration-ms="17751" status="SKIP">
          <exception class="org.openqa.selenium.NoSuchElementException">
            <message>
              <![CDATA[no such element: Unable to locate element: {"method":"xpath","selector":"//input[@class='form-control input-sm']"}
  (Session info: chrome=124.0.6367.91)
For documentation on this error, please visit: https://www.selenium.dev/documentation/webdriver/troubleshooting/errors#no-such-element-exception
Build info: version: '4.20.0', revision: '866c76ca80'
System info: os.name: 'Windows 11', os.arch: 'amd64', os.version: '10.0', java.version: '17.0.9'
Driver info: org.openqa.selenium.chrome.ChromeDriver
Command: [01efb22cb040a5b3d03105d6000e951e, findElement {value=//input[@class='form-control input-sm'], using=xpath}]
Capabilities {acceptInsecureCerts: false, browserName: chrome, browserVersion: 124.0.6367.91, chrome: {chromedriverVersion: 124.0.6367.91 (51df0e5e17a8..., userDataDir: C:\Users\ashif\AppData\Loca...}, fedcm:accounts: true, goog:chromeOptions: {debuggerAddress: localhost:56960}, networkConnectionEnabled: false, pageLoadStrategy: normal, platformName: windows, proxy: Proxy(), se:cdp: ws://localhost:56960/devtoo..., se:cdpVersion: 124.0.6367.91, setWindowRect: true, strictFileInteractability: false, timeouts: {implicit: 0, pageLoad: 300000, script: 30000}, unhandledPromptBehavior: dismiss and notify, webauthn:extension:credBlob: true, webauthn:extension:largeBlob: true, webauthn:extension:minPinLength: true, webauthn:extension:prf: true, webauthn:virtualAuthenticators: true}
Session ID: 01efb22cb040a5b3d03105d6000e951e]]>
            </message>
            <full-stacktrace>
              <![CDATA[org.openqa.selenium.NoSuchElementException: no such element: Unable to locate element: {"method":"xpath","selector":"//input[@class='form-control input-sm']"}
  (Session info: chrome=124.0.6367.91)
For documentation on this error, please visit: https://www.selenium.dev/documentation/webdriver/troubleshooting/errors#no-such-element-exception
Build info: version: '4.20.0', revision: '866c76ca80'
System info: os.name: 'Windows 11', os.arch: 'amd64', os.version: '10.0', java.version: '17.0.9'
Driver info: org.openqa.selenium.chrome.ChromeDriver
Command: [01efb22cb040a5b3d03105d6000e951e, findElement {value=//input[@class='form-control input-sm'], using=xpath}]
Capabilities {acceptInsecureCerts: false, browserName: chrome, browserVersion: 124.0.6367.91, chrome: {chromedriverVersion: 124.0.6367.91 (51df0e5e17a8..., userDataDir: C:\Users\ashif\AppData\Loca...}, fedcm:accounts: true, goog:chromeOptions: {debuggerAddress: localhost:56960}, networkConnectionEnabled: false, pageLoadStrategy: normal, platformName: windows, proxy: Proxy(), se:cdp: ws://localhost:56960/devtoo..., se:cdpVersion: 124.0.6367.91, setWindowRect: true, strictFileInteractability: false, timeouts: {implicit: 0, pageLoad: 300000, script: 30000}, unhandledPromptBehavior: dismiss and notify, webauthn:extension:credBlob: true, webauthn:extension:largeBlob: true, webauthn:extension:minPinLength: true, webauthn:extension:prf: true, webauthn:virtualAuthenticators: true}
Session ID: 01efb22cb040a5b3d03105d6000e951e
at java.base/jdk.internal.reflect.NativeConstructorAccessorImpl.newInstance0(Native Method)
at java.base/jdk.internal.reflect.NativeConstructorAccessorImpl.newInstance(NativeConstructorAccessorImpl.java:77)
at java.base/jdk.internal.reflect.DelegatingConstructorAccessorImpl.newInstance(DelegatingConstructorAccessorImpl.java:45)
at java.base/java.lang.reflect.Constructor.newInstanceWithCaller(Constructor.java:499)
at java.base/java.lang.reflect.Constructor.newInstance(Constructor.java:480)
at org.openqa.selenium.remote.ErrorCodec.decode(ErrorCodec.java:167)
at org.openqa.selenium.remote.codec.w3c.W3CHttpResponseCodec.decode(W3CHttpResponseCodec.java:138)
at org.openqa.selenium.remote.codec.w3c.W3CHttpResponseCodec.decode(W3CHttpResponseCodec.java:50)
at org.openqa.selenium.remote.HttpCommandExecutor.execute(HttpCommandExecutor.java:190)
at org.openqa.selenium.remote.service.DriverCommandExecutor.invokeExecute(DriverCommandExecutor.java:216)
at org.openqa.selenium.remote.service.DriverCommandExecutor.execute(DriverCommandExecutor.java:174)
at org.openqa.selenium.remote.RemoteWebDriver.execute(RemoteWebDriver.java:518)
at org.openqa.selenium.remote.ElementLocation$ElementFinder$2.findElement(ElementLocation.java:165)
at org.openqa.selenium.remote.ElementLocation.findElement(ElementLocation.java:59)
at org.openqa.selenium.remote.RemoteWebDriver.findElement(RemoteWebDriver.java:355)
at org.openqa.selenium.remote.RemoteWebDriver.findElement(RemoteWebDriver.java:349)
at org.openqa.selenium.support.pagefactory.DefaultElementLocator.findElement(DefaultElementLocator.java:68)
at org.openqa.selenium.support.pagefactory.internal.LocatingElementHandler.invoke(LocatingElementHandler.java:38)
at jdk.proxy2/jdk.proxy2.$Proxy13.click(Unknown Source)
at org.qalegend.utilities.WebElementUtility.clickOnElement(WebElementUtility.java:12)
at pages.UsersPage.clickOnSearch(UsersPage.java:36)
at test.AddUserPageTest.verifyAddUser(AddUserPageTest.java:78)
at java.base/jdk.internal.reflect.NativeMethodAccessorImpl.invoke0(Native Method)
at java.base/jdk.internal.reflect.NativeMethodAccessorImpl.invoke(NativeMethodAccessorImpl.java:77)
at java.base/jdk.internal.reflect.DelegatingMethodAccessorImpl.invoke(DelegatingMethodAccessorImpl.java:43)
at java.base/java.lang.reflect.Method.invoke(Method.java:568)
at org.testng.internal.invokers.MethodInvocationHelper.invokeMethod(MethodInvocationHelper.java:139)
at org.testng.internal.invokers.TestInvoker.invokeMethod(TestInvoker.java:664)
at org.testng.internal.invokers.TestInvoker.invokeTestMethod(TestInvoker.java:227)
at org.testng.internal.invokers.MethodRunner.runInSequence(MethodRunner.java:50)
at org.testng.internal.invokers.TestInvoker$MethodInvocationAgent.invoke(TestInvoker.java:957)
at org.testng.internal.invokers.TestInvoker.invokeTestMethods(TestInvoker.java:200)
at org.testng.internal.invokers.TestMethodWorker.invokeTestMethods(TestMethodWorker.java:148)
at org.testng.internal.invokers.TestMethodWorker.run(TestMethodWorker.java:128)
at java.base/java.util.ArrayList.forEach(ArrayList.java:1511)
at org.testng.TestRunner.privateRun(TestRunner.java:848)
at org.testng.TestRunner.run(TestRunner.java:621)
at org.testng.SuiteRunner.runTest(SuiteRunner.java:443)
at org.testng.SuiteRunner.runSequentially(SuiteRunner.java:437)
at org.testng.SuiteRunner.privateRun(SuiteRunner.java:397)
at org.testng.SuiteRunner.run(SuiteRunner.java:336)
at org.testng.SuiteRunnerWorker.runSuite(SuiteRunnerWorker.java:52)
at org.testng.SuiteRunnerWorker.run(SuiteRunnerWorker.java:95)
at org.testng.TestNG.runSuitesSequentially(TestNG.java:1280)
at org.testng.TestNG.runSuitesLocally(TestNG.java:1200)
at org.testng.TestNG.runSuites(TestNG.java:1114)
at org.testng.TestNG.run(TestNG.java:1082)
at org.testng.remote.AbstractRemoteTestNG.run(AbstractRemoteTestNG.java:115)
at org.testng.remote.RemoteTestNG.initAndRun(RemoteTestNG.java:251)
at org.testng.remote.RemoteTestNG.main(RemoteTestNG.java:77)
]]>
            </full-stacktrace>
          </exception> <!-- org.openqa.selenium.NoSuchElementException -->
          <reporter-output>
          </reporter-output>
        </test-method> <!-- verifyAddUser -->
        <test-method is-config="true" signature="closeBrowser(org.testng.ITestResult)[pri:0, instance:test.AddUserPageTest@1af2d44a]" started-at="2024-04-28T13:54:58 IST" name="closeBrowser" finished-at="2024-04-28T13:54:58 IST" duration-ms="157" status="PASS">
          <params>
            <param index="0">
              <value>
                <![CDATA[[TestResult name=verifyAddUser status=SKIP method=AddUserPageTest.verifyAddUser()[pri:10, instance:test.AddUserPageTest@1af2d44a] output={null}]]]>
              </value>
            </param>
          </params>
          <reporter-output>
          </reporter-output>
        </test-method> <!-- closeBrowser -->
        <test-method is-config="true" signature="setup(java.lang.String,java.lang.String)[pri:0, instance:test.AddUserPageTest@1af2d44a]" started-at="2024-04-28T13:54:58 IST" name="setup" finished-at="2024-04-28T13:55:06 IST" duration-ms="8438" status="PASS">
          <params>
            <param index="0">
              <value>
                <![CDATA[Chrome]]>
              </value>
            </param>
            <param index="1">
              <value>
                <![CDATA[https://qalegend.com/billing/public/login]]>
              </value>
            </param>
          </params>
          <reporter-output>
          </reporter-output>
        </test-method> <!-- setup -->
        <test-method signature="verifyAddUser()[pri:10, instance:test.AddUserPageTest@1af2d44a]" started-at="2024-04-28T13:55:06 IST" name="verifyAddUser" finished-at="2024-04-28T13:55:16 IST" duration-ms="9780" status="PASS">
          <reporter-output>
          </reporter-output>
        </test-method> <!-- verifyAddUser -->
        <test-method is-config="true" signature="closeBrowser(org.testng.ITestResult)[pri:0, instance:test.AddUserPageTest@1af2d44a]" started-at="2024-04-28T13:55:16 IST" name="closeBrowser" finished-at="2024-04-28T13:55:16 IST" duration-ms="141" status="PASS">
          <params>
            <param index="0">
              <value>
                <![CDATA[[TestResult name=verifyAddUser status=SUCCESS method=AddUserPageTest.verifyAddUser()[pri:10, instance:test.AddUserPageTest@1af2d44a] output={null}]]]>
              </value>
            </param>
          </params>
          <reporter-output>
          </reporter-output>
        </test-method> <!-- closeBrowser -->
        <test-method is-config="true" signature="setup(java.lang.String,java.lang.String)[pri:0, instance:test.AddUserPageTest@1af2d44a]" started-at="2024-04-28T13:55:16 IST" name="setup" finished-at="2024-04-28T13:55:21 IST" duration-ms="5162" status="PASS">
          <params>
            <param index="0">
              <value>
                <![CDATA[Chrome]]>
              </value>
            </param>
            <param index="1">
              <value>
                <![CDATA[https://qalegend.com/billing/public/login]]>
              </value>
            </param>
          </params>
          <reporter-output>
          </reporter-output>
        </test-method> <!-- setup -->
        <test-method signature="verifyUserLoginWithNewlyAddedUser()[pri:11, instance:test.AddUserPageTest@1af2d44a]" started-at="2024-04-28T13:55:22 IST" name="verifyUserLoginWithNewlyAddedUser" finished-at="2024-04-28T13:55:39 IST" duration-ms="17265" status="PASS">
          <reporter-output>
          </reporter-output>
        </test-method> <!-- verifyUserLoginWithNewlyAddedUser -->
        <test-method is-config="true" signature="closeBrowser(org.testng.ITestResult)[pri:0, instance:test.AddUserPageTest@1af2d44a]" started-at="2024-04-28T13:55:39 IST" name="closeBrowser" finished-at="2024-04-28T13:55:39 IST" duration-ms="147" status="PASS">
          <params>
            <param index="0">
              <value>
                <![CDATA[[TestResult name=verifyUserLoginWithNewlyAddedUser status=SUCCESS method=AddUserPageTest.verifyUserLoginWithNewlyAddedUser()[pri:11, instance:test.AddUserPageTest@1af2d44a] output={null}]]]>
              </value>
            </param>
          </params>
          <reporter-output>
          </reporter-output>
        </test-method> <!-- closeBrowser -->
      </class> <!-- test.AddUserPageTest -->
      <class name="test.UserManagementPageTest">
        <test-method is-config="true" signature="setup(java.lang.String,java.lang.String)[pri:0, instance:test.UserManagementPageTest@18d87d80]" started-at="2024-04-28T13:55:39 IST" name="setup" finished-at="2024-04-28T13:55:45 IST" duration-ms="6014" status="PASS">
          <params>
            <param index="0">
              <value>
                <![CDATA[Chrome]]>
              </value>
            </param>
            <param index="1">
              <value>
                <![CDATA[https://qalegend.com/billing/public/login]]>
              </value>
            </param>
          </params>
          <reporter-output>
          </reporter-output>
        </test-method> <!-- setup -->
        <test-method signature="verifyUserManagementOPtionUsers()[pri:12, instance:test.UserManagementPageTest@18d87d80]" started-at="2024-04-28T13:55:45 IST" name="verifyUserManagementOPtionUsers" finished-at="2024-04-28T13:55:48 IST" duration-ms="2966" status="PASS">
          <reporter-output>
          </reporter-output>
        </test-method> <!-- verifyUserManagementOPtionUsers -->
        <test-method is-config="true" signature="closeBrowser(org.testng.ITestResult)[pri:0, instance:test.UserManagementPageTest@18d87d80]" started-at="2024-04-28T13:55:48 IST" name="closeBrowser" finished-at="2024-04-28T13:55:48 IST" duration-ms="227" status="PASS">
          <params>
            <param index="0">
              <value>
                <![CDATA[[TestResult name=verifyUserManagementOPtionUsers status=SUCCESS method=UserManagementPageTest.verifyUserManagementOPtionUsers()[pri:12, instance:test.UserManagementPageTest@18d87d80] output={null}]]]>
              </value>
            </param>
          </params>
          <reporter-output>
          </reporter-output>
        </test-method> <!-- closeBrowser -->
        <test-method is-config="true" signature="setup(java.lang.String,java.lang.String)[pri:0, instance:test.UserManagementPageTest@18d87d80]" started-at="2024-04-28T13:55:48 IST" name="setup" finished-at="2024-04-28T13:55:53 IST" duration-ms="4735" status="PASS">
          <params>
            <param index="0">
              <value>
                <![CDATA[Chrome]]>
              </value>
            </param>
            <param index="1">
              <value>
                <![CDATA[https://qalegend.com/billing/public/login]]>
              </value>
            </param>
          </params>
          <reporter-output>
          </reporter-output>
        </test-method> <!-- setup -->
        <test-method signature="verifyUserManagementOPtionRoles()[pri:13, instance:test.UserManagementPageTest@18d87d80]" started-at="2024-04-28T13:55:53 IST" name="verifyUserManagementOPtionRoles" finished-at="2024-04-28T13:55:56 IST" duration-ms="2906" status="PASS">
          <reporter-output>
          </reporter-output>
        </test-method> <!-- verifyUserManagementOPtionRoles -->
        <test-method is-config="true" signature="closeBrowser(org.testng.ITestResult)[pri:0, instance:test.UserManagementPageTest@18d87d80]" started-at="2024-04-28T13:55:56 IST" name="closeBrowser" finished-at="2024-04-28T13:55:56 IST" duration-ms="204" status="PASS">
          <params>
            <param index="0">
              <value>
                <![CDATA[[TestResult name=verifyUserManagementOPtionRoles status=SUCCESS method=UserManagementPageTest.verifyUserManagementOPtionRoles()[pri:13, instance:test.UserManagementPageTest@18d87d80] output={null}]]]>
              </value>
            </param>
          </params>
          <reporter-output>
          </reporter-output>
        </test-method> <!-- closeBrowser -->
        <test-method is-config="true" signature="setup(java.lang.String,java.lang.String)[pri:0, instance:test.UserManagementPageTest@18d87d80]" started-at="2024-04-28T13:55:56 IST" name="setup" finished-at="2024-04-28T13:56:02 IST" duration-ms="5874" status="PASS">
          <params>
            <param index="0">
              <value>
                <![CDATA[Chrome]]>
              </value>
            </param>
            <param index="1">
              <value>
                <![CDATA[https://qalegend.com/billing/public/login]]>
              </value>
            </param>
          </params>
          <reporter-output>
          </reporter-output>
        </test-method> <!-- setup -->
        <test-method signature="verifyUserManagementOPtionSales()[pri:14, instance:test.UserManagementPageTest@18d87d80]" started-at="2024-04-28T13:56:02 IST" name="verifyUserManagementOPtionSales" finished-at="2024-04-28T13:56:05 IST" duration-ms="2894" status="PASS">
          <reporter-output>
          </reporter-output>
        </test-method> <!-- verifyUserManagementOPtionSales -->
        <test-method is-config="true" signature="closeBrowser(org.testng.ITestResult)[pri:0, instance:test.UserManagementPageTest@18d87d80]" started-at="2024-04-28T13:56:05 IST" name="closeBrowser" finished-at="2024-04-28T13:56:05 IST" duration-ms="189" status="PASS">
          <params>
            <param index="0">
              <value>
                <![CDATA[[TestResult name=verifyUserManagementOPtionSales status=SUCCESS method=UserManagementPageTest.verifyUserManagementOPtionSales()[pri:14, instance:test.UserManagementPageTest@18d87d80] output={null}]]]>
              </value>
            </param>
          </params>
          <reporter-output>
          </reporter-output>
        </test-method> <!-- closeBrowser -->
      </class> <!-- test.UserManagementPageTest -->
    </test> <!-- Report Test -->
  </suite> <!-- Functional Suite -->
</testng-results>
